<?xml version="1.0" encoding="UTF-8"?>
<Site BuildName="Linux-c++"
	BuildStamp="20241230-0838-Experimental"
	Name="artyom-HKF-WXX"
	Generator="ctest-3.28.3"
	CompilerName="/usr/bin/c++"
	CompilerVersion="13.3.0"
	OSName="Linux"
	Hostname="artyom-HKF-WXX"
	OSRelease="6.8.0-51-generic"
	OSVersion="#52-Ubuntu SMP PREEMPT_DYNAMIC Thu Dec  5 13:09:44 UTC 2024"
	OSPlatform="x86_64"
	Is64Bits="1"
	VendorString="GenuineIntel"
	VendorID="Intel Corporation"
	FamilyID="6"
	ModelID="154"
	ProcessorCacheSize="24576"
	NumberOfLogicalCPU="20"
	NumberOfPhysicalCPU="14"
	TotalVirtualMemory="4095"
	TotalPhysicalMemory="15713"
	LogicalProcessorsPerPhysical="1"
	ProcessorClockFrequency="4355.3"
	>
	<Testing>
		<StartDateTime>Dec 30 15:38 +07</StartDateTime>
		<StartTestTime>1735547929</StartTestTime>
		<TestList/>
		<EndDateTime>Dec 30 15:38 +07</EndDateTime>
		<EndTestTime>1735547929</EndTestTime>
		<ElapsedMinutes>0</ElapsedMinutes>
	</Testing>
</Site>
